<?xml version="1.0" encoding="UTF-8"?>
<!-- Generated by org.testng.reporters.JUnitReportReporter -->
<testsuite hostname="DESKTOP-V42ENEG" failures="0" tests="1" name="TestNG.Datepicker" time="0.583" errors="0" timestamp="2023-10-30T15:32:22 IST" skipped="0">
  <testcase classname="TestNG.Datepicker" name="test1" time="0.583"/>
  <system-out/>
</testsuite> <!-- TestNG.Datepicker -->
