<?xml version="1.0" encoding="UTF-8"?>
<!-- Generated by org.testng.reporters.JUnitReportReporter -->
<testsuite hostname="DESKTOP-V42ENEG" failures="0" tests="1" name="TestNG.Windowhandle" time="1.244" errors="0" timestamp="2023-10-28T10:36:07 IST" skipped="0">
  <testcase classname="TestNG.Windowhandle" name="test1" time="1.244"/>
  <system-out/>
</testsuite> <!-- TestNG.Windowhandle -->
