<?xml version="1.0" encoding="UTF-8"?>
<!-- Generated by org.testng.reporters.JUnitReportReporter -->
<testsuite hostname="DESKTOP-V42ENEG" failures="0" tests="4" name="TestNG.TestNGdemo" time="0.012" errors="0" timestamp="2023-10-18T15:18:41 IST" skipped="0">
  <testcase classname="TestNG.TestNGdemo" name="test3" time="0.004"/>
  <system-out/>
  <testcase classname="TestNG.TestNGdemo" name="test2" time="0.002"/>
  <system-out/>
  <testcase classname="TestNG.TestNGdemo" name="test4" time="0.001"/>
  <system-out/>
  <testcase classname="TestNG.TestNGdemo" name="test1" time="0.005"/>
  <system-out/>
</testsuite> <!-- TestNG.TestNGdemo -->
