<?xml version="1.0" encoding="UTF-8"?>
<!-- Generated by org.testng.reporters.JUnitReportReporter -->
<testsuite hostname="DESKTOP-V42ENEG" failures="0" tests="1" name="TestNG.Systemcopy" time="2.558" errors="0" timestamp="2023-10-26T14:46:39 IST" skipped="0">
  <testcase classname="TestNG.Systemcopy" name="fileuploadpgm" time="2.558"/>
  <system-out/>
</testsuite> <!-- TestNG.Systemcopy -->
