<?xml version="1.0" encoding="UTF-8"?>
<!-- Generated by org.testng.reporters.JUnitReportReporter -->
<testsuite hostname="DESKTOP-V42ENEG" failures="0" tests="2" name="TestNG.Crossbrowertesting" time="2.356" errors="0" timestamp="2023-10-25T15:01:08 IST" skipped="0">
  <testcase classname="TestNG.Crossbrowertesting" name="test" time="1.170"/>
  <system-out/>
  <testcase classname="TestNG.Crossbrowertesting" name="test" time="1.186"/>
  <system-out/>
</testsuite> <!-- TestNG.Crossbrowertesting -->
