<?xml version="1.0" encoding="UTF-8"?>
<!-- Generated by org.testng.reporters.JUnitReportReporter -->
<testsuite hostname="DESKTOP-V42ENEG" failures="0" tests="1" name="TestNG.Offbrowsernoti" time="1.896" errors="0" timestamp="2023-10-28T10:08:18 IST" skipped="0">
  <testcase classname="TestNG.Offbrowsernoti" name="test1" time="1.896"/>
  <system-out/>
</testsuite> <!-- TestNG.Offbrowsernoti -->
